配置文件加载成功!

2026/06/25 09:27:13 [32m/Users/yeung/Projects/IT/server/database/database.go:29
[0m[33m[0.362ms] [34;1m[rows:-][0m SELECT DATABASE()

2026/06/25 09:27:13 [32m/Users/yeung/Projects/IT/server/database/database.go:29
[0m[33m[1.429ms] [34;1m[rows:1][0m SELECT SCHEMA_NAME from Information_schema.SCHEMATA where SCHEMA_NAME LIKE 'it_platform%' ORDER BY SCHEMA_NAME='it_platform' DESC,SCHEMA_NAME limit 1

2026/06/25 09:27:13 [32m/Users/yeung/Projects/IT/server/database/database.go:29
[0m[33m[1.085ms] [34;1m[rows:-][0m SELECT count(*) FROM information_schema.tables WHERE table_schema = 'it_platform' AND table_name = 'regions' AND table_type = 'BASE TABLE'

2026/06/25 09:27:13 [32m
[0m[33m[0.404ms] [34;1m[rows:-][0m SELECT DATABASE()

2026/06/25 09:27:13 [32m/Users/yeung/Projects/IT/server/database/database.go:29
[0m[33m[1.030ms] [34;1m[rows:1][0m SELECT SCHEMA_NAME from Information_schema.SCHEMATA where SCHEMA_NAME LIKE 'it_platform%' ORDER BY SCHEMA_NAME='it_platform' DESC,SCHEMA_NAME limit 1

2026/06/25 09:27:13 [32m/Users/yeung/Projects/IT/server/database/database.go:29
[0m[33m[0.932ms] [34;1m[rows:-][0m SELECT * FROM `regions` LIMIT 1

2026/06/25 09:27:13 [32m/Users/yeung/Projects/IT/server/database/database.go:29
[0m[33m[10.617ms] [34;1m[rows:-][0m SELECT column_name, column_default, is_nullable = 'YES', data_type, character_maximum_length, column_type, column_key, extra, column_comment, numeric_precision, numeric_scale , datetime_precision FROM information_schema.columns WHERE table_schema = 'it_platform' AND table_name = 'regions' ORDER BY ORDINAL_POSITION

2026/06/25 09:27:13 [32m
[0m[33m[0.367ms] [34;1m[rows:-][0m SELECT DATABASE()

2026/06/25 09:27:13 [32m
[0m[33m[1.226ms] [34;1m[rows:1][0m SELECT SCHEMA_NAME from Information_schema.SCHEMATA where SCHEMA_NAME LIKE 'it_platform%' ORDER BY SCHEMA_NAME='it_platform' DESC,SCHEMA_NAME limit 1

2026/06/25 09:27:13 [32m
[0m[33m[1.085ms] [34;1m[rows:3][0m 
SELECT
	TABLE_NAME,
	COLUMN_NAME,
	INDEX_NAME,
	NON_UNIQUE 
FROM
	information_schema.STATISTICS 
WHERE
	TABLE_SCHEMA = 'it_platform' 
	AND TABLE_NAME = 'regions' 
ORDER BY
	INDEX_NAME,
	SEQ_IN_INDEX

2026/06/25 09:27:13 [32m
[0m[33m[0.379ms] [34;1m[rows:-][0m SELECT DATABASE()

2026/06/25 09:27:13 [32m
[0m[33m[1.054ms] [34;1m[rows:1][0m SELECT SCHEMA_NAME from Information_schema.SCHEMATA where SCHEMA_NAME LIKE 'it_platform%' ORDER BY SCHEMA_NAME='it_platform' DESC,SCHEMA_NAME limit 1

2026/06/25 09:27:13 [32m
[0m[33m[1.148ms] [34;1m[rows:-][0m SELECT count(*) FROM INFORMATION_SCHEMA.table_constraints WHERE constraint_schema = 'it_platform' AND table_name = 'regions' AND constraint_name = 'uni_regions_name'

2026/06/25 09:27:13 [32m
[0m[33m[0.357ms] [34;1m[rows:-][0m SELECT DATABASE()

2026/06/25 09:27:13 [32m
[0m[33m[1.041ms] [34;1m[rows:1][0m SELECT SCHEMA_NAME from Information_schema.SCHEMATA where SCHEMA_NAME LIKE 'it_platform%' ORDER BY SCHEMA_NAME='it_platform' DESC,SCHEMA_NAME limit 1

2026/06/25 09:27:13 [32m
[0m[33m[0.880ms] [34;1m[rows:-][0m SELECT count(*) FROM information_schema.statistics WHERE table_schema = 'it_platform' AND table_name = 'regions' AND index_name = 'idx_regions_name'

2026/06/25 09:27:13 [32m/Users/yeung/Projects/IT/server/database/database.go:29
[0m[33m[0.361ms] [34;1m[rows:-][0m SELECT DATABASE()

2026/06/25 09:27:13 [32m/Users/yeung/Projects/IT/server/database/database.go:29
[0m[33m[1.021ms] [34;1m[rows:1][0m SELECT SCHEMA_NAME from Information_schema.SCHEMATA where SCHEMA_NAME LIKE 'it_platform%' ORDER BY SCHEMA_NAME='it_platform' DESC,SCHEMA_NAME limit 1

2026/06/25 09:27:13 [32m/Users/yeung/Projects/IT/server/database/database.go:29
[0m[33m[0.933ms] [34;1m[rows:-][0m SELECT count(*) FROM information_schema.statistics WHERE table_schema = 'it_platform' AND table_name = 'regions' AND index_name = 'idx_regions_deleted_at'

2026/06/25 09:27:13 [32m/Users/yeung/Projects/IT/server/database/database.go:29
[0m[33m[0.408ms] [34;1m[rows:-][0m SELECT DATABASE()

2026/06/25 09:27:13 [32m/Users/yeung/Projects/IT/server/database/database.go:29
[0m[33m[1.059ms] [34;1m[rows:1][0m SELECT SCHEMA_NAME from Information_schema.SCHEMATA where SCHEMA_NAME LIKE 'it_platform%' ORDER BY SCHEMA_NAME='it_platform' DESC,SCHEMA_NAME limit 1

2026/06/25 09:27:13 [32m/Users/yeung/Projects/IT/server/database/database.go:29
[0m[33m[0.997ms] [34;1m[rows:-][0m SELECT count(*) FROM information_schema.statistics WHERE table_schema = 'it_platform' AND table_name = 'regions' AND index_name = 'idx_regions_name'

2026/06/25 09:27:13 [32m/Users/yeung/Projects/IT/server/database/database.go:29
[0m[33m[0.400ms] [34;1m[rows:-][0m SELECT DATABASE()

2026/06/25 09:27:13 [32m/Users/yeung/Projects/IT/server/database/database.go:29
[0m[33m[1.034ms] [34;1m[rows:1][0m SELECT SCHEMA_NAME from Information_schema.SCHEMATA where SCHEMA_NAME LIKE 'it_platform%' ORDER BY SCHEMA_NAME='it_platform' DESC,SCHEMA_NAME limit 1

2026/06/25 09:27:13 [32m/Users/yeung/Projects/IT/server/database/database.go:29
[0m[33m[0.947ms] [34;1m[rows:-][0m SELECT count(*) FROM information_schema.tables WHERE table_schema = 'it_platform' AND table_name = 'assets' AND table_type = 'BASE TABLE'

2026/06/25 09:27:13 [32m
[0m[33m[0.392ms] [34;1m[rows:-][0m SELECT DATABASE()

2026/06/25 09:27:13 [32m/Users/yeung/Projects/IT/server/database/database.go:29
[0m[33m[1.027ms] [34;1m[rows:1][0m SELECT SCHEMA_NAME from Information_schema.SCHEMATA where SCHEMA_NAME LIKE 'it_platform%' ORDER BY SCHEMA_NAME='it_platform' DESC,SCHEMA_NAME limit 1

2026/06/25 09:27:13 [32m/Users/yeung/Projects/IT/server/database/database.go:29
[0m[33m[0.990ms] [34;1m[rows:-][0m SELECT * FROM `assets` LIMIT 1

2026/06/25 09:27:13 [32m/Users/yeung/Projects/IT/server/database/database.go:29
[0m[33m[9.796ms] [34;1m[rows:-][0m SELECT column_name, column_default, is_nullable = 'YES', data_type, character_maximum_length, column_type, column_key, extra, column_comment, numeric_precision, numeric_scale , datetime_precision FROM information_schema.columns WHERE table_schema = 'it_platform' AND table_name = 'assets' ORDER BY ORDINAL_POSITION

2026/06/25 09:27:13 [32m/Users/yeung/Projects/IT/server/database/database.go:29
[0m[33m[0.481ms] [34;1m[rows:-][0m SELECT DATABASE()

2026/06/25 09:27:13 [32m/Users/yeung/Projects/IT/server/database/database.go:29
[0m[33m[1.120ms] [34;1m[rows:1][0m SELECT SCHEMA_NAME from Information_schema.SCHEMATA where SCHEMA_NAME LIKE 'it_platform%' ORDER BY SCHEMA_NAME='it_platform' DESC,SCHEMA_NAME limit 1

2026/06/25 09:27:13 [32m/Users/yeung/Projects/IT/server/database/database.go:29
[0m[33m[1.251ms] [34;1m[rows:-][0m SELECT count(*) FROM INFORMATION_SCHEMA.table_constraints WHERE constraint_schema = 'it_platform' AND table_name = 'assets' AND constraint_name = 'fk_assets_region'

2026/06/25 09:27:13 [32m/Users/yeung/Projects/IT/server/database/database.go:29
[0m[33m[0.417ms] [34;1m[rows:-][0m SELECT DATABASE()

2026/06/25 09:27:13 [32m/Users/yeung/Projects/IT/server/database/database.go:29
[0m[33m[1.131ms] [34;1m[rows:1][0m SELECT SCHEMA_NAME from Information_schema.SCHEMATA where SCHEMA_NAME LIKE 'it_platform%' ORDER BY SCHEMA_NAME='it_platform' DESC,SCHEMA_NAME limit 1

2026/06/25 09:27:13 [32m/Users/yeung/Projects/IT/server/database/database.go:29
[0m[33m[0.943ms] [34;1m[rows:-][0m SELECT count(*) FROM information_schema.statistics WHERE table_schema = 'it_platform' AND table_name = 'assets' AND index_name = 'idx_assets_deleted_at'

2026/06/25 09:27:13 [32m/Users/yeung/Projects/IT/server/database/database.go:29
[0m[33m[0.438ms] [34;1m[rows:-][0m SELECT DATABASE()

2026/06/25 09:27:13 [32m/Users/yeung/Projects/IT/server/database/database.go:29
[0m[33m[1.172ms] [34;1m[rows:1][0m SELECT SCHEMA_NAME from Information_schema.SCHEMATA where SCHEMA_NAME LIKE 'it_platform%' ORDER BY SCHEMA_NAME='it_platform' DESC,SCHEMA_NAME limit 1

2026/06/25 09:27:13 [32m/Users/yeung/Projects/IT/server/database/database.go:29
[0m[33m[1.022ms] [34;1m[rows:-][0m SELECT count(*) FROM information_schema.tables WHERE table_schema = 'it_platform' AND table_name = 'policies' AND table_type = 'BASE TABLE'

2026/06/25 09:27:13 [32m
[0m[33m[0.391ms] [34;1m[rows:-][0m SELECT DATABASE()

2026/06/25 09:27:13 [32m/Users/yeung/Projects/IT/server/database/database.go:29
[0m[33m[0.967ms] [34;1m[rows:1][0m SELECT SCHEMA_NAME from Information_schema.SCHEMATA where SCHEMA_NAME LIKE 'it_platform%' ORDER BY SCHEMA_NAME='it_platform' DESC,SCHEMA_NAME limit 1

2026/06/25 09:27:13 [32m/Users/yeung/Projects/IT/server/database/database.go:29
[0m[33m[0.844ms] [34;1m[rows:-][0m SELECT * FROM `policies` LIMIT 1

2026/06/25 09:27:13 [32m/Users/yeung/Projects/IT/server/database/database.go:29
[0m[33m[9.016ms] [34;1m[rows:-][0m SELECT column_name, column_default, is_nullable = 'YES', data_type, character_maximum_length, column_type, column_key, extra, column_comment, numeric_precision, numeric_scale , datetime_precision FROM information_schema.columns WHERE table_schema = 'it_platform' AND table_name = 'policies' ORDER BY ORDINAL_POSITION

2026/06/25 09:27:13 [32m/Users/yeung/Projects/IT/server/database/database.go:29
[0m[33m[0.444ms] [34;1m[rows:-][0m SELECT DATABASE()

2026/06/25 09:27:13 [32m/Users/yeung/Projects/IT/server/database/database.go:29
[0m[33m[1.084ms] [34;1m[rows:1][0m SELECT SCHEMA_NAME from Information_schema.SCHEMATA where SCHEMA_NAME LIKE 'it_platform%' ORDER BY SCHEMA_NAME='it_platform' DESC,SCHEMA_NAME limit 1

2026/06/25 09:27:13 [32m/Users/yeung/Projects/IT/server/database/database.go:29
[0m[33m[0.931ms] [34;1m[rows:-][0m SELECT count(*) FROM information_schema.statistics WHERE table_schema = 'it_platform' AND table_name = 'policies' AND index_name = 'idx_policies_deleted_at'

2026/06/25 09:27:13 [32m/Users/yeung/Projects/IT/server/database/database.go:29
[0m[33m[0.313ms] [34;1m[rows:-][0m SELECT DATABASE()

2026/06/25 09:27:13 [32m/Users/yeung/Projects/IT/server/database/database.go:29
[0m[33m[0.989ms] [34;1m[rows:1][0m SELECT SCHEMA_NAME from Information_schema.SCHEMATA where SCHEMA_NAME LIKE 'it_platform%' ORDER BY SCHEMA_NAME='it_platform' DESC,SCHEMA_NAME limit 1

2026/06/25 09:27:13 [32m/Users/yeung/Projects/IT/server/database/database.go:29
[0m[33m[0.856ms] [34;1m[rows:-][0m SELECT count(*) FROM information_schema.tables WHERE table_schema = 'it_platform' AND table_name = 'topologies' AND table_type = 'BASE TABLE'

2026/06/25 09:27:13 [32m
[0m[33m[0.339ms] [34;1m[rows:-][0m SELECT DATABASE()

2026/06/25 09:27:13 [32m/Users/yeung/Projects/IT/server/database/database.go:29
[0m[33m[0.947ms] [34;1m[rows:1][0m SELECT SCHEMA_NAME from Information_schema.SCHEMATA where SCHEMA_NAME LIKE 'it_platform%' ORDER BY SCHEMA_NAME='it_platform' DESC,SCHEMA_NAME limit 1

2026/06/25 09:27:13 [32m/Users/yeung/Projects/IT/server/database/database.go:29
[0m[33m[0.911ms] [34;1m[rows:-][0m SELECT * FROM `topologies` LIMIT 1

2026/06/25 09:27:13 [32m/Users/yeung/Projects/IT/server/database/database.go:29
[0m[33m[8.678ms] [34;1m[rows:-][0m SELECT column_name, column_default, is_nullable = 'YES', data_type, character_maximum_length, column_type, column_key, extra, column_comment, numeric_precision, numeric_scale , datetime_precision FROM information_schema.columns WHERE table_schema = 'it_platform' AND table_name = 'topologies' ORDER BY ORDINAL_POSITION

2026/06/25 09:27:13 [32m/Users/yeung/Projects/IT/server/database/database.go:29
[0m[33m[0.456ms] [34;1m[rows:-][0m SELECT DATABASE()

2026/06/25 09:27:13 [32m/Users/yeung/Projects/IT/server/database/database.go:29
[0m[33m[0.969ms] [34;1m[rows:1][0m SELECT SCHEMA_NAME from Information_schema.SCHEMATA where SCHEMA_NAME LIKE 'it_platform%' ORDER BY SCHEMA_NAME='it_platform' DESC,SCHEMA_NAME limit 1

2026/06/25 09:27:13 [32m/Users/yeung/Projects/IT/server/database/database.go:29
[0m[33m[0.950ms] [34;1m[rows:-][0m SELECT count(*) FROM information_schema.statistics WHERE table_schema = 'it_platform' AND table_name = 'topologies' AND index_name = 'idx_topologies_deleted_at'

2026/06/25 09:27:13 [32m/Users/yeung/Projects/IT/server/database/database.go:29
[0m[33m[0.423ms] [34;1m[rows:-][0m SELECT DATABASE()

2026/06/25 09:27:13 [32m/Users/yeung/Projects/IT/server/database/database.go:29
[0m[33m[1.052ms] [34;1m[rows:1][0m SELECT SCHEMA_NAME from Information_schema.SCHEMATA where SCHEMA_NAME LIKE 'it_platform%' ORDER BY SCHEMA_NAME='it_platform' DESC,SCHEMA_NAME limit 1

2026/06/25 09:27:13 [32m/Users/yeung/Projects/IT/server/database/database.go:29
[0m[33m[0.969ms] [34;1m[rows:-][0m SELECT count(*) FROM information_schema.tables WHERE table_schema = 'it_platform' AND table_name = 'os_types' AND table_type = 'BASE TABLE'

2026/06/25 09:27:13 [32m
[0m[33m[0.314ms] [34;1m[rows:-][0m SELECT DATABASE()

2026/06/25 09:27:13 [32m/Users/yeung/Projects/IT/server/database/database.go:29
[0m[33m[0.973ms] [34;1m[rows:1][0m SELECT SCHEMA_NAME from Information_schema.SCHEMATA where SCHEMA_NAME LIKE 'it_platform%' ORDER BY SCHEMA_NAME='it_platform' DESC,SCHEMA_NAME limit 1

2026/06/25 09:27:13 [32m/Users/yeung/Projects/IT/server/database/database.go:29
[0m[33m[0.917ms] [34;1m[rows:-][0m SELECT * FROM `os_types` LIMIT 1

2026/06/25 09:27:13 [32m/Users/yeung/Projects/IT/server/database/database.go:29
[0m[33m[8.421ms] [34;1m[rows:-][0m SELECT column_name, column_default, is_nullable = 'YES', data_type, character_maximum_length, column_type, column_key, extra, column_comment, numeric_precision, numeric_scale , datetime_precision FROM information_schema.columns WHERE table_schema = 'it_platform' AND table_name = 'os_types' ORDER BY ORDINAL_POSITION

2026/06/25 09:27:13 [32m
[0m[33m[0.488ms] [34;1m[rows:-][0m SELECT DATABASE()

2026/06/25 09:27:13 [32m
[0m[33m[1.103ms] [34;1m[rows:1][0m SELECT SCHEMA_NAME from Information_schema.SCHEMATA where SCHEMA_NAME LIKE 'it_platform%' ORDER BY SCHEMA_NAME='it_platform' DESC,SCHEMA_NAME limit 1

2026/06/25 09:27:13 [32m
[0m[33m[1.028ms] [34;1m[rows:3][0m 
SELECT
	TABLE_NAME,
	COLUMN_NAME,
	INDEX_NAME,
	NON_UNIQUE 
FROM
	information_schema.STATISTICS 
WHERE
	TABLE_SCHEMA = 'it_platform' 
	AND TABLE_NAME = 'os_types' 
ORDER BY
	INDEX_NAME,
	SEQ_IN_INDEX

2026/06/25 09:27:13 [32m
[0m[33m[0.333ms] [34;1m[rows:-][0m SELECT DATABASE()

2026/06/25 09:27:13 [32m
[0m[33m[1.018ms] [34;1m[rows:1][0m SELECT SCHEMA_NAME from Information_schema.SCHEMATA where SCHEMA_NAME LIKE 'it_platform%' ORDER BY SCHEMA_NAME='it_platform' DESC,SCHEMA_NAME limit 1

2026/06/25 09:27:13 [32m
[0m[33m[1.135ms] [34;1m[rows:-][0m SELECT count(*) FROM INFORMATION_SCHEMA.table_constraints WHERE constraint_schema = 'it_platform' AND table_name = 'os_types' AND constraint_name = 'uni_os_types_name'

2026/06/25 09:27:13 [32m
[0m[33m[0.319ms] [34;1m[rows:-][0m SELECT DATABASE()

2026/06/25 09:27:13 [32m
[0m[33m[0.953ms] [34;1m[rows:1][0m SELECT SCHEMA_NAME from Information_schema.SCHEMATA where SCHEMA_NAME LIKE 'it_platform%' ORDER BY SCHEMA_NAME='it_platform' DESC,SCHEMA_NAME limit 1

2026/06/25 09:27:13 [32m
[0m[33m[0.975ms] [34;1m[rows:-][0m SELECT count(*) FROM information_schema.statistics WHERE table_schema = 'it_platform' AND table_name = 'os_types' AND index_name = 'idx_os_types_name'

2026/06/25 09:27:13 [32m/Users/yeung/Projects/IT/server/database/database.go:29
[0m[33m[0.380ms] [34;1m[rows:-][0m SELECT DATABASE()

2026/06/25 09:27:13 [32m/Users/yeung/Projects/IT/server/database/database.go:29
[0m[33m[1.100ms] [34;1m[rows:1][0m SELECT SCHEMA_NAME from Information_schema.SCHEMATA where SCHEMA_NAME LIKE 'it_platform%' ORDER BY SCHEMA_NAME='it_platform' DESC,SCHEMA_NAME limit 1

2026/06/25 09:27:13 [32m/Users/yeung/Projects/IT/server/database/database.go:29
[0m[33m[1.078ms] [34;1m[rows:-][0m SELECT count(*) FROM information_schema.statistics WHERE table_schema = 'it_platform' AND table_name = 'os_types' AND index_name = 'idx_os_types_deleted_at'

2026/06/25 09:27:13 [32m/Users/yeung/Projects/IT/server/database/database.go:29
[0m[33m[0.443ms] [34;1m[rows:-][0m SELECT DATABASE()

2026/06/25 09:27:13 [32m/Users/yeung/Projects/IT/server/database/database.go:29
[0m[33m[1.143ms] [34;1m[rows:1][0m SELECT SCHEMA_NAME from Information_schema.SCHEMATA where SCHEMA_NAME LIKE 'it_platform%' ORDER BY SCHEMA_NAME='it_platform' DESC,SCHEMA_NAME limit 1

2026/06/25 09:27:13 [32m/Users/yeung/Projects/IT/server/database/database.go:29
[0m[33m[0.847ms] [34;1m[rows:-][0m SELECT count(*) FROM information_schema.statistics WHERE table_schema = 'it_platform' AND table_name = 'os_types' AND index_name = 'idx_os_types_name'

2026/06/25 09:27:13 [32m/Users/yeung/Projects/IT/server/database/database.go:41
[0m[33m[187.447ms] [34;1m[rows:0][0m ALTER TABLE policies MODIFY COLUMN file_type VARCHAR(255)
数据库初始化成功!
[GIN-debug] [WARNING] Creating an Engine instance with the Logger and Recovery middleware already attached.

[GIN-debug] [WARNING] Running in "debug" mode. Switch to "release" mode in production.
 - using env:	export GIN_MODE=release
 - using code:	gin.SetMode(gin.ReleaseMode)

[GIN-debug] GET    /uploads/*filepath        --> github.com/gin-gonic/gin.(*RouterGroup).createStaticHandler.func1 (4 handlers)
[GIN-debug] HEAD   /uploads/*filepath        --> github.com/gin-gonic/gin.(*RouterGroup).createStaticHandler.func1 (4 handlers)
[GIN-debug] GET    /api/regions              --> it-platform-server/handlers.ListRegions (4 handlers)
[GIN-debug] POST   /api/regions              --> it-platform-server/handlers.CreateRegion (4 handlers)
[GIN-debug] PUT    /api/regions/:id          --> it-platform-server/handlers.UpdateRegion (4 handlers)
[GIN-debug] DELETE /api/regions/:id          --> it-platform-server/handlers.DeleteRegion (4 handlers)
[GIN-debug] GET    /api/os-types             --> it-platform-server/handlers.ListOSTypes (4 handlers)
[GIN-debug] POST   /api/os-types             --> it-platform-server/handlers.CreateOSType (4 handlers)
[GIN-debug] PUT    /api/os-types/:id         --> it-platform-server/handlers.UpdateOSType (4 handlers)
[GIN-debug] DELETE /api/os-types/:id         --> it-platform-server/handlers.DeleteOSType (4 handlers)
[GIN-debug] GET    /api/assets               --> it-platform-server/handlers.ListAssets (4 handlers)
[GIN-debug] GET    /api/assets/:id           --> it-platform-server/handlers.GetAsset (4 handlers)
[GIN-debug] POST   /api/assets               --> it-platform-server/handlers.CreateAsset (4 handlers)
[GIN-debug] PUT    /api/assets/:id           --> it-platform-server/handlers.UpdateAsset (4 handlers)
[GIN-debug] DELETE /api/assets/:id           --> it-platform-server/handlers.DeleteAsset (4 handlers)
[GIN-debug] GET    /api/dashboard/summary    --> it-platform-server/handlers.DashboardSummary (4 handlers)
[GIN-debug] GET    /api/policies             --> it-platform-server/handlers.ListPolicies (4 handlers)
[GIN-debug] POST   /api/policies             --> it-platform-server/handlers.CreatePolicy (4 handlers)
[GIN-debug] PUT    /api/policies/:id         --> it-platform-server/handlers.UpdatePolicy (4 handlers)
[GIN-debug] PUT    /api/policies/:id/file    --> it-platform-server/handlers.ReplacePolicyFile (4 handlers)
[GIN-debug] DELETE /api/policies/:id         --> it-platform-server/handlers.DeletePolicy (4 handlers)
[GIN-debug] GET    /api/policies/:id/preview --> it-platform-server/handlers.PreviewPolicy (4 handlers)
[GIN-debug] GET    /api/policies/:id/download --> it-platform-server/handlers.DownloadPolicy (4 handlers)
[GIN-debug] GET    /api/topologies           --> it-platform-server/handlers.ListTopologies (4 handlers)
[GIN-debug] POST   /api/topologies           --> it-platform-server/handlers.CreateTopology (4 handlers)
[GIN-debug] PUT    /api/topologies/:id       --> it-platform-server/handlers.UpdateTopology (4 handlers)
[GIN-debug] PUT    /api/topologies/:id/file  --> it-platform-server/handlers.ReplaceTopologyFile (4 handlers)
[GIN-debug] DELETE /api/topologies/:id       --> it-platform-server/handlers.DeleteTopology (4 handlers)
[GIN-debug] GET    /api/topologies/:id/preview --> it-platform-server/handlers.PreviewTopology (4 handlers)
[GIN-debug] GET    /api/topologies/:id/download --> it-platform-server/handlers.DownloadTopology (4 handlers)
服务器启动在 :8080
[GIN-debug] [WARNING] You trusted all proxies, this is NOT safe. We recommend you to set a value.
Please check https://github.com/gin-gonic/gin/blob/master/docs/doc.md#dont-trust-all-proxies for details.
[GIN-debug] Listening and serving HTTP on :8080

2026/06/25 09:27:49 [32m/Users/yeung/Projects/IT/server/handlers/topology.go:22
[0m[33m[0.980ms] [34;1m[rows:3][0m SELECT * FROM `topologies` WHERE `topologies`.`deleted_at` IS NULL ORDER BY created_at DESC
[GIN] 2026/06/25 - 09:27:49 | 200 |   1.43ms |       127.0.0.1 | GET      "/api/topologies"

2026/06/25 09:27:49 [32m/Users/yeung/Projects/IT/server/handlers/topology.go:187
[0m[33m[1.123ms] [34;1m[rows:1][0m SELECT * FROM `topologies` WHERE `topologies`.`id` = 2 AND `topologies`.`deleted_at` IS NULL ORDER BY `topologies`.`id` LIMIT 1
[GIN] 2026/06/25 - 09:27:49 | 304 |   1.24ms |       127.0.0.1 | GET      "/api/topologies/2/preview"

2026/06/25 09:27:49 [32m/Users/yeung/Projects/IT/server/handlers/topology.go:187
[0m[33m[3.614ms] [34;1m[rows:1][0m SELECT * FROM `topologies` WHERE `topologies`.`id` = 3 AND `topologies`.`deleted_at` IS NULL ORDER BY `topologies`.`id` LIMIT 1
[GIN] 2026/06/25 - 09:27:49 | 304 |   3.72ms |       127.0.0.1 | GET      "/api/topologies/3/preview"

2026/06/25 09:27:49 [32m/Users/yeung/Projects/IT/server/handlers/topology.go:187
[0m[33m[28.582ms] [34;1m[rows:1][0m SELECT * FROM `topologies` WHERE `topologies`.`id` = 1 AND `topologies`.`deleted_at` IS NULL ORDER BY `topologies`.`id` LIMIT 1
[GIN] 2026/06/25 - 09:27:49 | 304 |  28.72ms |       127.0.0.1 | GET      "/api/topologies/1/preview"

2026/06/25 09:27:52 [32m/Users/yeung/Projects/IT/server/handlers/topology.go:218
[0m[33m[1.352ms] [34;1m[rows:1][0m SELECT * FROM `topologies` WHERE `topologies`.`id` = 3 AND `topologies`.`deleted_at` IS NULL ORDER BY `topologies`.`id` LIMIT 1
[GIN] 2026/06/25 - 09:27:52 | 200 |   4.45ms |       127.0.0.1 | GET      "/api/topologies/3/download"

2026/06/25 09:28:14 [32m/Users/yeung/Projects/IT/server/handlers/policy.go:22
[0m[33m[5.315ms] [34;1m[rows:6][0m SELECT * FROM `policies` WHERE `policies`.`deleted_at` IS NULL ORDER BY created_at DESC
[GIN] 2026/06/25 - 09:28:14 | 200 |   5.51ms |       127.0.0.1 | GET      "/api/policies"

2026/06/25 09:28:16 [32m/Users/yeung/Projects/IT/server/handlers/dashboard.go:36
[0m[33m[0.773ms] [34;1m[rows:1][0m SELECT count(*) FROM `assets` WHERE `assets`.`deleted_at` IS NULL

2026/06/25 09:28:16 [32m/Users/yeung/Projects/IT/server/handlers/dashboard.go:40
[0m[33m[0.594ms] [34;1m[rows:1][0m SELECT count(*) FROM `regions` WHERE `regions`.`deleted_at` IS NULL

2026/06/25 09:28:16 [32m/Users/yeung/Projects/IT/server/handlers/dashboard.go:48
[0m[33m[0.895ms] [34;1m[rows:2][0m SELECT regions.name as region_name, count(assets.id) as count FROM `assets` LEFT JOIN regions ON assets.region_id = regions.id WHERE `assets`.`deleted_at` IS NULL GROUP BY `regions`.`name`

2026/06/25 09:28:16 [32m/Users/yeung/Projects/IT/server/handlers/dashboard.go:55
[0m[33m[0.636ms] [34;1m[rows:5][0m SELECT os_type, count(*) as count FROM `assets` WHERE `assets`.`deleted_at` IS NULL GROUP BY `os_type`

2026/06/25 09:28:16 [32m/Users/yeung/Projects/IT/server/handlers/dashboard.go:62
[0m[33m[0.701ms] [34;1m[rows:1][0m SELECT status, count(*) as count FROM `assets` WHERE `assets`.`deleted_at` IS NULL GROUP BY `status`
[GIN] 2026/06/25 - 09:28:16 | 200 |  17.12ms |       127.0.0.1 | GET      "/api/dashboard/summary"

2026/06/25 09:28:20 [32m/Users/yeung/Projects/IT/server/handlers/asset.go:50
[0m[33m[0.748ms] [34;1m[rows:1][0m SELECT count(*) FROM `assets` WHERE `assets`.`deleted_at` IS NULL

2026/06/25 09:28:20 [32m/Users/yeung/Projects/IT/server/handlers/region.go:16
[0m[33m[0.913ms] [34;1m[rows:2][0m SELECT * FROM `regions` WHERE `regions`.`deleted_at` IS NULL
[GIN] 2026/06/25 - 09:28:20 | 200 | 995.292µs |       127.0.0.1 | GET      "/api/regions"

2026/06/25 09:28:20 [32m/Users/yeung/Projects/IT/server/handlers/asset.go:56
[0m[33m[0.903ms] [34;1m[rows:1][0m SELECT * FROM `regions` WHERE `regions`.`id` = 2 AND `regions`.`deleted_at` IS NULL

2026/06/25 09:28:20 [32m/Users/yeung/Projects/IT/server/handlers/asset.go:56
[0m[33m[2.193ms] [34;1m[rows:10][0m SELECT * FROM `assets` WHERE `assets`.`deleted_at` IS NULL ORDER BY id desc LIMIT 10
[GIN] 2026/06/25 - 09:28:20 | 200 |   3.17ms |       127.0.0.1 | GET      "/api/assets?page=1&page_size=10&sort_by=id&sort_order=desc"

2026/06/25 09:28:22 [32m/Users/yeung/Projects/IT/server/handlers/region.go:16
[0m[33m[0.831ms] [34;1m[rows:2][0m SELECT * FROM `regions` WHERE `regions`.`deleted_at` IS NULL
[GIN] 2026/06/25 - 09:28:22 | 200 | 903.625µs |       127.0.0.1 | GET      "/api/regions"

2026/06/25 09:28:22 [32m/Users/yeung/Projects/IT/server/handlers/os_type.go:16
[0m[33m[1.038ms] [34;1m[rows:8][0m SELECT * FROM `os_types` WHERE `os_types`.`deleted_at` IS NULL
[GIN] 2026/06/25 - 09:28:22 | 200 |   1.25ms |       127.0.0.1 | GET      "/api/os-types"

2026/06/25 09:28:23 [32m/Users/yeung/Projects/IT/server/handlers/policy.go:22
[0m[33m[1.591ms] [34;1m[rows:6][0m SELECT * FROM `policies` WHERE `policies`.`deleted_at` IS NULL ORDER BY created_at DESC
[GIN] 2026/06/25 - 09:28:23 | 200 |   1.81ms |       127.0.0.1 | GET      "/api/policies"

2026/06/25 09:28:23 [32m/Users/yeung/Projects/IT/server/handlers/topology.go:22
[0m[33m[1.035ms] [34;1m[rows:3][0m SELECT * FROM `topologies` WHERE `topologies`.`deleted_at` IS NULL ORDER BY created_at DESC
[GIN] 2026/06/25 - 09:28:23 | 200 |   1.15ms |       127.0.0.1 | GET      "/api/topologies"
